<?xml version="1.0" encoding="UTF-8"?>
<testng-results ignored="0" total="1" passed="1" failed="0" skipped="0">
  <reporter-output>
  </reporter-output>
  <suite started-at="2025-01-29T22:21:31 IST" name="Default suite" finished-at="2025-01-29T22:21:44 IST" duration-ms="12278">
    <groups>
    </groups>
    <test started-at="2025-01-29T22:21:31 IST" name="Default test" finished-at="2025-01-29T22:21:44 IST" duration-ms="12278">
      <class name="coinDeskRequestValidations">
        <test-method signature="getApi()[pri:0, instance:coinDeskRequestValidations@26e356f0]" started-at="2025-01-29T22:21:31 IST" name="getApi" finished-at="2025-01-29T22:21:44 IST" duration-ms="12173" status="PASS">
          <reporter-output>
          </reporter-output>
        </test-method> <!-- getApi -->
      </class> <!-- coinDeskRequestValidations -->
    </test> <!-- Default test -->
  </suite> <!-- Default suite -->
</testng-results>
